<?xml version="1.0" encoding="UTF-8"?>
<!-- Generated by org.testng.reporters.JUnitReportReporter -->
<testsuite skipped="0" hostname="Vinod-PC" name="com.tests.TC_LoginTest_001" tests="1" failures="0" timestamp="16 Apr 2020 02:21:24 GMT" time="2.023" errors="0">
  <testcase name="login" time="2.023" classname="com.tests.TC_LoginTest_001"/>
</testsuite> <!-- com.tests.TC_LoginTest_001 -->
