<?xml version="1.0" encoding="UTF-8"?>
<!-- Generated by org.testng.reporters.JUnitReportReporter -->
<testsuite skipped="0" hostname="Vinod-PC" name="com.tests.LoginTest" tests="1" failures="0" timestamp="16 Apr 2020 02:13:25 GMT" time="1.952" errors="0">
  <testcase name="login" time="1.952" classname="com.tests.LoginTest"/>
</testsuite> <!-- com.tests.LoginTest -->
