<?xml version="1.0" encoding="UTF-8"?>
<!-- Generated by org.testng.reporters.JUnitReportReporter -->
<testsuite skipped="0" hostname="Vinod-PC" name="com.tests.BaseTest" tests="1" failures="0" timestamp="14 Apr 2020 03:32:59 GMT" time="11.496" errors="0">
  <testcase name="init" time="11.496" classname="com.tests.BaseTest"/>
</testsuite> <!-- com.tests.BaseTest -->
